<?xml version="1.0" encoding="UTF-8"?>
<beans xmlns="http://www.springframework.org/schema/beans"
 xmlns:webflow-config="http://www.springframework.org/schema/webflow-config"
 xmlns:xsi="http://www.w3.org/2001/XMLSchema-instance" 
 xmlns:mvc="http://www.springframework.org/schema/mvc"
 xmlns:context="http://www.springframework.org/schema/context"
 xsi:schemaLocation="
 http://www.springframework.org/schema/webflow-config
 http://www.springframework.org/schema/webflow-config/spring-webflow-config-2.4.xsd
 http://www.springframework.org/schema/mvc 
 http://www.springframework.org/schema/mvc/spring-mvc-4.0.xsd
 http://www.springframework.org/schema/beans 
 http://www.springframework.org/schema/beans/spring-beans-4.0.xsd
 http://www.springframework.org/schema/context 
 http://www.springframework.org/schema/context/spring-context-4.0.xsd">
 
  <mvc:annotation-driven validator="validator"/>
  <context:component-scan base-package="com.packt.webstore"/>
  <bean id="messageSource" class="org.springframework.context.support.ResourceBundleMessageSource">
	<property name="basename" value="messages"/>
	 <property name="defaultEncoding" value="UTF-8" />
</bean>

<bean id="validator" class="org.springframework.validation.beanvalidation.LocalValidatorFactoryBean">
		<property name="validationMessageSource" ref="messageSource"/>
	</bean>
		
		<bean id="productValidator" class="com.packt.webstore.validator.ProductValidator">
		<property name = "springValidators">
			<set>
				<ref bean = "unitsInStockValidator"/>
			</set>
		</property>
	</bean>
	<bean id="unitsInStockValidator" class="com.packt.webstore.validator.UnitsInStockValidator"/>
 
 </beans>